# JRE version: OpenJDK Runtime Environment Temurin-21.0.10+7 (21.0.10+7) (build 21.0.10+7-LTS)
# Java VM: OpenJDK 64-Bit Server VM Temurin-21.0.10+7 (21.0.10+7-LTS, mixed mode, sharing, tiered, compressed oops, compressed class ptrs, parallel gc, windows-amd64)
GC Precious Log:
 CardTable entry size: 512
 CPUs: 16 total, 16 available
 Memory: 15661M
 Large Page Support: Disabled
 NUMA Support: Disabled
 Compressed Oops: Enabled (32-bit)
 Alignments: Space 512K, Generation 512K, Heap 2M
 Heap Min Capacity: 100M
 Heap Initial Capacity: 100M
 Heap Max Capacity: 2G
 Pre-touch: Disabled
 Parallel Workers: 13
Heap:
 PSYoungGen      total 24064K, used 10996K [0x00000000d5580000, 0x00000000d7200000, 0x0000000100000000)
  eden space 22528K, 42% used [0x00000000d5580000,0x00000000d5ed21e8,0x00000000d6b80000)
  from space 1536K, 94% used [0x00000000d7080000,0x00000000d71eaf98,0x00000000d7200000)
  to   space 3072K, 0% used [0x00000000d6c00000,0x00000000d6c00000,0x00000000d6f00000)
 ParOldGen       total 1133568K, used 1133320K [0x0000000080000000, 0x00000000c5300000, 0x00000000d5580000)
  object space 1133568K, 99% used [0x0000000080000000,0x00000000c52c2150,0x00000000c5300000)
 Metaspace       used 88177K, committed 89600K, reserved 1179648K
  class space    used 9240K, committed 9856K, reserved 1048576K
GC Heap History (20 events):
Event: 6931.441 GC heap before
{Heap before GC invocations=3000 (full 16):
 PSYoungGen      total 35840K, used 34156K [0x00000000d5580000, 0x00000000d8500000, 0x0000000100000000)
  eden space 23040K, 100% used [0x00000000d5580000,0x00000000d6c00000,0x00000000d6c00000)
  from space 12800K, 86% used [0x00000000d7880000,0x00000000d835b280,0x00000000d8500000)
  to   space 12800K, 0% used [0x00000000d6c00000,0x00000000d6c00000,0x00000000d7880000)
 ParOldGen       total 1113088K, used 1113039K [0x0000000080000000, 0x00000000c3f00000, 0x00000000d5580000)
  object space 1113088K, 99% used [0x0000000080000000,0x00000000c3ef3f20,0x00000000c3f00000)
 Metaspace       used 88129K, committed 89536K, reserved 1179648K
  class space    used 9240K, committed 9856K, reserved 1048576K
}
Event: 6931.446 GC heap after
{Heap after GC invocations=3000 (full 16):
 PSYoungGen      total 30208K, used 7003K [0x00000000d5580000, 0x00000000d8100000, 0x0000000100000000)
  eden space 23040K, 0% used [0x00000000d5580000,0x00000000d5580000,0x00000000d6c00000)
  from space 7168K, 97% used [0x00000000d6c00000,0x00000000d72d6f18,0x00000000d7300000)
  to   space 9216K, 0% used [0x00000000d7800000,0x00000000d7800000,0x00000000d8100000)
 ParOldGen       total 1122816K, used 1122695K [0x0000000080000000, 0x00000000c4880000, 0x00000000d5580000)
  object space 1122816K, 99% used [0x0000000080000000,0x00000000c4861db8,0x00000000c4880000)
 Metaspace       used 88129K, committed 89536K, reserved 1179648K
  class space    used 9240K, committed 9856K, reserved 1048576K
}
Event: 6932.758 GC heap before
{Heap before GC invocations=3001 (full 16):
 PSYoungGen      total 30208K, used 29095K [0x00000000d5580000, 0x00000000d8100000, 0x0000000100000000)
  eden space 23040K, 95% used [0x00000000d5580000,0x00000000d6b12da0,0x00000000d6c00000)
  from space 7168K, 97% used [0x00000000d6c00000,0x00000000d72d6f18,0x00000000d7300000)
  to   space 9216K, 0% used [0x00000000d7800000,0x00000000d7800000,0x00000000d8100000)
 ParOldGen       total 1122816K, used 1122695K [0x0000000080000000, 0x00000000c4880000, 0x00000000d5580000)
  object space 1122816K, 99% used [0x0000000080000000,0x00000000c4861db8,0x00000000c4880000)
 Metaspace       used 88129K, committed 89536K, reserved 1179648K
  class space    used 9240K, committed 9856K, reserved 1048576K
}
Event: 6932.763 GC heap after
{Heap after GC invocations=3001 (full 16):
 PSYoungGen      total 25088K, used 1615K [0x00000000d5580000, 0x00000000d7a00000, 0x0000000100000000)
  eden space 23040K, 0% used [0x00000000d5580000,0x00000000d5580000,0x00000000d6c00000)
  from space 2048K, 78% used [0x00000000d7800000,0x00000000d7993dd0,0x00000000d7a00000)
  to   space 4096K, 0% used [0x00000000d7200000,0x00000000d7200000,0x00000000d7600000)
 ParOldGen       total 1125376K, used 1125046K [0x0000000080000000, 0x00000000c4b00000, 0x00000000d5580000)
  object space 1125376K, 99% used [0x0000000080000000,0x00000000c4aada00,0x00000000c4b00000)
 Metaspace       used 88129K, committed 89536K, reserved 1179648K
  class space    used 9240K, committed 9856K, reserved 1048576K
}
Event: 6934.536 GC heap before
{Heap before GC invocations=3002 (full 16):
 PSYoungGen      total 25088K, used 24655K [0x00000000d5580000, 0x00000000d7a00000, 0x0000000100000000)
  eden space 23040K, 100% used [0x00000000d5580000,0x00000000d6c00000,0x00000000d6c00000)
  from space 2048K, 78% used [0x00000000d7800000,0x00000000d7993dd0,0x00000000d7a00000)
  to   space 4096K, 0% used [0x00000000d7200000,0x00000000d7200000,0x00000000d7600000)
 ParOldGen       total 1125376K, used 1125046K [0x0000000080000000, 0x00000000c4b00000, 0x00000000d5580000)
  object space 1125376K, 99% used [0x0000000080000000,0x00000000c4aada00,0x00000000c4b00000)
 Metaspace       used 88129K, committed 89536K, reserved 1179648K
  class space    used 9240K, committed 9856K, reserved 1048576K
}
Event: 6934.538 GC heap after
{Heap after GC invocations=3002 (full 16):
 PSYoungGen      total 27136K, used 628K [0x00000000d5580000, 0x00000000d7880000, 0x0000000100000000)
  eden space 23040K, 0% used [0x00000000d5580000,0x00000000d5580000,0x00000000d6c00000)
  from space 4096K, 15% used [0x00000000d7200000,0x00000000d729d210,0x00000000d7600000)
  to   space 1536K, 0% used [0x00000000d7700000,0x00000000d7700000,0x00000000d7880000)
 ParOldGen       total 1126912K, used 1126495K [0x0000000080000000, 0x00000000c4c80000, 0x00000000d5580000)
  object space 1126912K, 99% used [0x0000000080000000,0x00000000c4c17fd8,0x00000000c4c80000)
 Metaspace       used 88129K, committed 89536K, reserved 1179648K
  class space    used 9240K, committed 9856K, reserved 1048576K
}
Event: 6934.612 GC heap before
{Heap before GC invocations=3003 (full 16):
 PSYoungGen      total 27136K, used 23668K [0x00000000d5580000, 0x00000000d7880000, 0x0000000100000000)
  eden space 23040K, 100% used [0x00000000d5580000,0x00000000d6c00000,0x00000000d6c00000)
  from space 4096K, 15% used [0x00000000d7200000,0x00000000d729d210,0x00000000d7600000)
  to   space 1536K, 0% used [0x00000000d7700000,0x00000000d7700000,0x00000000d7880000)
 ParOldGen       total 1126912K, used 1126495K [0x0000000080000000, 0x00000000c4c80000, 0x00000000d5580000)
  object space 1126912K, 99% used [0x0000000080000000,0x00000000c4c17fd8,0x00000000c4c80000)
 Metaspace       used 88130K, committed 89536K, reserved 1179648K
  class space    used 9240K, committed 9856K, reserved 1048576K
}
Event: 6934.615 GC heap after
{Heap after GC invocations=3003 (full 16):
 PSYoungGen      total 24576K, used 1522K [0x00000000d5580000, 0x00000000d7880000, 0x0000000100000000)
  eden space 23040K, 0% used [0x00000000d5580000,0x00000000d5580000,0x00000000d6c00000)
  from space 1536K, 99% used [0x00000000d7700000,0x00000000d787cb98,0x00000000d7880000)
  to   space 6144K, 0% used [0x00000000d6c80000,0x00000000d6c80000,0x00000000d7280000)
 ParOldGen       total 1130496K, used 1130065K [0x0000000080000000, 0x00000000c5000000, 0x00000000d5580000)
  object space 1130496K, 99% used [0x0000000080000000,0x00000000c4f94660,0x00000000c5000000)
 Metaspace       used 88130K, committed 89536K, reserved 1179648K
  class space    used 9240K, committed 9856K, reserved 1048576K
}
Event: 6934.863 GC heap before
{Heap before GC invocations=3004 (full 16):
 PSYoungGen      total 24576K, used 24562K [0x00000000d5580000, 0x00000000d7880000, 0x0000000100000000)
  eden space 23040K, 100% used [0x00000000d5580000,0x00000000d6c00000,0x00000000d6c00000)
  from space 1536K, 99% used [0x00000000d7700000,0x00000000d787cb98,0x00000000d7880000)
  to   space 6144K, 0% used [0x00000000d6c80000,0x00000000d6c80000,0x00000000d7280000)
 ParOldGen       total 1130496K, used 1130065K [0x0000000080000000, 0x00000000c5000000, 0x00000000d5580000)
  object space 1130496K, 99% used [0x0000000080000000,0x00000000c4f94660,0x00000000c5000000)
 Metaspace       used 88137K, committed 89600K, reserved 1179648K
  class space    used 9240K, committed 9856K, reserved 1048576K
}
Event: 6934.868 GC heap after
{Heap after GC invocations=3004 (full 16):
 PSYoungGen      total 28672K, used 5468K [0x00000000d5580000, 0x00000000d7800000, 0x0000000100000000)
  eden space 23040K, 0% used [0x00000000d5580000,0x00000000d5580000,0x00000000d6c00000)
  from space 5632K, 97% used [0x00000000d6c80000,0x00000000d71d73e8,0x00000000d7200000)
  to   space 6144K, 0% used [0x00000000d7200000,0x00000000d7200000,0x00000000d7800000)
 ParOldGen       total 1131008K, used 1130666K [0x0000000080000000, 0x00000000c5080000, 0x00000000d5580000)
  object space 1131008K, 99% used [0x0000000080000000,0x00000000c502a898,0x00000000c5080000)
 Metaspace       used 88137K, committed 89600K, reserved 1179648K
  class space    used 9240K, committed 9856K, reserved 1048576K
}
Event: 6934.961 GC heap before
{Heap before GC invocations=3005 (full 16):
 PSYoungGen      total 28672K, used 28508K [0x00000000d5580000, 0x00000000d7800000, 0x0000000100000000)
  eden space 23040K, 100% used [0x00000000d5580000,0x00000000d6c00000,0x00000000d6c00000)
  from space 5632K, 97% used [0x00000000d6c80000,0x00000000d71d73e8,0x00000000d7200000)
  to   space 6144K, 0% used [0x00000000d7200000,0x00000000d7200000,0x00000000d7800000)
 ParOldGen       total 1131008K, used 1130666K [0x0000000080000000, 0x00000000c5080000, 0x00000000d5580000)
  object space 1131008K, 99% used [0x0000000080000000,0x00000000c502a898,0x00000000c5080000)
 Metaspace       used 88142K, committed 89600K, reserved 1179648K
  class space    used 9240K, committed 9856K, reserved 1048576K
}
Event: 6934.965 GC heap after
{Heap after GC invocations=3005 (full 16):
 PSYoungGen      total 26624K, used 3228K [0x00000000d5580000, 0x00000000d7580000, 0x0000000100000000)
  eden space 23040K, 0% used [0x00000000d5580000,0x00000000d5580000,0x00000000d6c00000)
  from space 3584K, 90% used [0x00000000d7200000,0x00000000d75273e8,0x00000000d7580000)
  to   space 4096K, 0% used [0x00000000d6d80000,0x00000000d6d80000,0x00000000d7180000)
 ParOldGen       total 1131008K, used 1130666K [0x0000000080000000, 0x00000000c5080000, 0x00000000d5580000)
  object space 1131008K, 99% used [0x0000000080000000,0x00000000c502a898,0x00000000c5080000)
 Metaspace       used 88142K, committed 89600K, reserved 1179648K
  class space    used 9240K, committed 9856K, reserved 1048576K
}
Event: 6935.048 GC heap before
{Heap before GC invocations=3006 (full 16):
 PSYoungGen      total 26624K, used 26110K [0x00000000d5580000, 0x00000000d7580000, 0x0000000100000000)
  eden space 23040K, 99% used [0x00000000d5580000,0x00000000d6bd8768,0x00000000d6c00000)
  from space 3584K, 90% used [0x00000000d7200000,0x00000000d75273e8,0x00000000d7580000)
  to   space 4096K, 0% used [0x00000000d6d80000,0x00000000d6d80000,0x00000000d7180000)
 ParOldGen       total 1131008K, used 1130666K [0x0000000080000000, 0x00000000c5080000, 0x00000000d5580000)
  object space 1131008K, 99% used [0x0000000080000000,0x00000000c502a898,0x00000000c5080000)
 Metaspace       used 88143K, committed 89600K, reserved 1179648K
  class space    used 9240K, committed 9856K, reserved 1048576K
}
Event: 6935.051 GC heap after
{Heap after GC invocations=3006 (full 16):
 PSYoungGen      total 25088K, used 1879K [0x00000000d5580000, 0x00000000d7280000, 0x0000000100000000)
  eden space 23040K, 0% used [0x00000000d5580000,0x00000000d5580000,0x00000000d6c00000)
  from space 2048K, 91% used [0x00000000d6d80000,0x00000000d6f55c10,0x00000000d6f80000)
  to   space 2560K, 0% used [0x00000000d7000000,0x00000000d7000000,0x00000000d7280000)
 ParOldGen       total 1131008K, used 1130666K [0x0000000080000000, 0x00000000c5080000, 0x00000000d5580000)
  object space 1131008K, 99% used [0x0000000080000000,0x00000000c502a898,0x00000000c5080000)
 Metaspace       used 88143K, committed 89600K, reserved 1179648K
  class space    used 9240K, committed 9856K, reserved 1048576K
}
Event: 6935.127 GC heap before
{Heap before GC invocations=3007 (full 16):
 PSYoungGen      total 25088K, used 24918K [0x00000000d5580000, 0x00000000d7280000, 0x0000000100000000)
  eden space 23040K, 99% used [0x00000000d5580000,0x00000000d6bfffe0,0x00000000d6c00000)
  from space 2048K, 91% used [0x00000000d6d80000,0x00000000d6f55c10,0x00000000d6f80000)
  to   space 2560K, 0% used [0x00000000d7000000,0x00000000d7000000,0x00000000d7280000)
 ParOldGen       total 1131008K, used 1130666K [0x0000000080000000, 0x00000000c5080000, 0x00000000d5580000)
  object space 1131008K, 99% used [0x0000000080000000,0x00000000c502a898,0x00000000c5080000)
 Metaspace       used 88143K, committed 89600K, reserved 1179648K
  class space    used 9240K, committed 9856K, reserved 1048576K
}
Event: 6935.129 GC heap after
{Heap after GC invocations=3007 (full 16):
 PSYoungGen      total 25088K, used 2528K [0x00000000d5580000, 0x00000000d7500000, 0x0000000100000000)
  eden space 22528K, 0% used [0x00000000d5580000,0x00000000d5580000,0x00000000d6b80000)
  from space 2560K, 98% used [0x00000000d7000000,0x00000000d72780c0,0x00000000d7280000)
  to   space 4608K, 0% used [0x00000000d6b80000,0x00000000d6b80000,0x00000000d7000000)
 ParOldGen       total 1132544K, used 1132194K [0x0000000080000000, 0x00000000c5200000, 0x00000000d5580000)
  object space 1132544K, 99% used [0x0000000080000000,0x00000000c51a8898,0x00000000c5200000)
 Metaspace       used 88143K, committed 89600K, reserved 1179648K
  class space    used 9240K, committed 9856K, reserved 1048576K
}
Event: 6935.208 GC heap before
{Heap before GC invocations=3008 (full 16):
 PSYoungGen      total 25088K, used 25056K [0x00000000d5580000, 0x00000000d7500000, 0x0000000100000000)
  eden space 22528K, 99% used [0x00000000d5580000,0x00000000d6b7fff0,0x00000000d6b80000)
  from space 2560K, 98% used [0x00000000d7000000,0x00000000d72780c0,0x00000000d7280000)
  to   space 4608K, 0% used [0x00000000d6b80000,0x00000000d6b80000,0x00000000d7000000)
 ParOldGen       total 1132544K, used 1132194K [0x0000000080000000, 0x00000000c5200000, 0x00000000d5580000)
  object space 1132544K, 99% used [0x0000000080000000,0x00000000c51a8898,0x00000000c5200000)
 Metaspace       used 88145K, committed 89600K, reserved 1179648K
  class space    used 9240K, committed 9856K, reserved 1048576K
}
Event: 6935.212 GC heap after
{Heap after GC invocations=3008 (full 16):
 PSYoungGen      total 27136K, used 4586K [0x00000000d5580000, 0x00000000d7580000, 0x0000000100000000)
  eden space 22528K, 0% used [0x00000000d5580000,0x00000000d5580000,0x00000000d6b80000)
  from space 4608K, 99% used [0x00000000d6b80000,0x00000000d6ffa838,0x00000000d7000000)
  to   space 5120K, 0% used [0x00000000d7080000,0x00000000d7080000,0x00000000d7580000)
 ParOldGen       total 1133568K, used 1133320K [0x0000000080000000, 0x00000000c5300000, 0x00000000d5580000)
  object space 1133568K, 99% used [0x0000000080000000,0x00000000c52c2150,0x00000000c5300000)
 Metaspace       used 88145K, committed 89600K, reserved 1179648K
  class space    used 9240K, committed 9856K, reserved 1048576K
}
Event: 6935.613 GC heap before
{Heap before GC invocations=3009 (full 16):
 PSYoungGen      total 27136K, used 27114K [0x00000000d5580000, 0x00000000d7580000, 0x0000000100000000)
  eden space 22528K, 100% used [0x00000000d5580000,0x00000000d6b80000,0x00000000d6b80000)
  from space 4608K, 99% used [0x00000000d6b80000,0x00000000d6ffa838,0x00000000d7000000)
  to   space 5120K, 0% used [0x00000000d7080000,0x00000000d7080000,0x00000000d7580000)
 ParOldGen       total 1133568K, used 1133320K [0x0000000080000000, 0x00000000c5300000, 0x00000000d5580000)
  object space 1133568K, 99% used [0x0000000080000000,0x00000000c52c2150,0x00000000c5300000)
 Metaspace       used 88146K, committed 89600K, reserved 1179648K
  class space    used 9240K, committed 9856K, reserved 1048576K
}
Event: 6935.616 GC heap after
{Heap after GC invocations=3009 (full 16):
 PSYoungGen      total 24064K, used 1451K [0x00000000d5580000, 0x00000000d7200000, 0x0000000100000000)
  eden space 22528K, 0% used [0x00000000d5580000,0x00000000d5580000,0x00000000d6b80000)
  from space 1536K, 94% used [0x00000000d7080000,0x00000000d71eaf98,0x00000000d7200000)
  to   space 3072K, 0% used [0x00000000d6c00000,0x00000000d6c00000,0x00000000d6f00000)
 ParOldGen       total 1133568K, used 1133320K [0x0000000080000000, 0x00000000c5300000, 0x00000000d5580000)
  object space 1133568K, 99% used [0x0000000080000000,0x00000000c52c2150,0x00000000c5300000)
 Metaspace       used 88146K, committed 89600K, reserved 1179648K
  class space    used 9240K, committed 9856K, reserved 1048576K
}

